<?xml version="1.0" encoding="UTF-8"?>
<!-- Generated by org.testng.reporters.JUnitReportReporter -->
<testsuite name="RadioButton_Handling.Example2" tests="1" time="16.082" ignored="0" failures="0" timestamp="23 Apr 2020 11:45:06 GMT" skipped="0" hostname="DESKTOP-FOIGSVG" errors="0">
  <testcase name="selectradiobutton" time="16.082" classname="RadioButton_Handling.Example2"/>
</testsuite> <!-- RadioButton_Handling.Example2 -->
