<?xml version="1.0" encoding="UTF-8"?>
<!-- Generated by org.testng.reporters.JUnitReportReporter -->
<testsuite name="Checkbox_Handling.Example1" tests="1" time="11.062" ignored="0" failures="0" timestamp="23 Apr 2020 11:14:05 GMT" skipped="0" hostname="DESKTOP-FOIGSVG" errors="0">
  <testcase name="selectOption" time="11.062" classname="Checkbox_Handling.Example1"/>
</testsuite> <!-- Checkbox_Handling.Example1 -->
