<?xml version="1.0" encoding="UTF-8"?>
<!-- Generated by org.testng.reporters.JUnitReportReporter -->
<testsuite name="Handling.Dropdown" tests="1" time="15.957" ignored="0" failures="0" timestamp="23 Apr 2020 04:59:08 GMT" skipped="0" hostname="DESKTOP-FOIGSVG" errors="0">
  <testcase name="selectBrowsers" time="15.957" classname="Handling.Dropdown"/>
</testsuite> <!-- Handling.Dropdown -->
